   1                             	r8	=	0xffef0
   2                             	r16	=	0xffee8
   3                             	r24	=	0xffee0
   4                             	r9	=	0xffef1
   5                             	r17	=	0xffee9
   6                             	r25	=	0xffee1
   7                             	r10	=	0xffef2
   8                             	r18	=	0xffeea
   9                             	r26	=	0xffee2
  10                             	r11	=	0xffef3
  11                             	r19	=	0xffeeb
  12                             	r27	=	0xffee3
  13                             	r12	=	0xffef4
  14                             	r20	=	0xffeec
  15                             	r28	=	0xffee4
  16                             	r13	=	0xffef5
  17                             	r21	=	0xffeed
  18                             	r29	=	0xffee5
  19                             	r14	=	0xffef6
  20                             	r22	=	0xffeee
  21                             	r30	=	0xffee6
  22                             	r15	=	0xffef7
  23                             	r23	=	0xffeef
  24                             	r31	=	0xffee7
  25                             	.text
  26                             	.Ltext0:
  27                             		.global	_HardwareSetup
  29                             	_HardwareSetup:
  30                             	.LFB0:
  31                             		.file 1 "../src/hardware_setup.c"
   1:../src/hardware_setup.c **** /**************************************************************************************************
   2:../src/hardware_setup.c **** * DISCLAIMER
   3:../src/hardware_setup.c **** * This software is supplied by Renesas Electronics Corporation and is only
   4:../src/hardware_setup.c **** * intended for use with Renesas products. No other uses are authorized. This
   5:../src/hardware_setup.c **** * software is owned by Renesas Electronics Corporation and is protected under
   6:../src/hardware_setup.c **** * all applicable laws, including copyright laws.
   7:../src/hardware_setup.c **** * THIS SOFTWARE IS PROVIDED "AS IS" AND RENESAS MAKES NO WARRANTIES REGARDING
   8:../src/hardware_setup.c **** * THIS SOFTWARE, WHETHER EXPRESS, IMPLIED OR STATUTORY, INCLUDING BUT NOT
   9:../src/hardware_setup.c **** * LIMITED TO WARRANTIES OF MERCHANTABILITY, FITNESS FOR A PARTICULAR PURPOSE
  10:../src/hardware_setup.c **** * AND NON-INFRINGEMENT.  ALL SUCH WARRANTIES ARE EXPRESSLY DISCLAIMED.
  11:../src/hardware_setup.c **** * TO THE MAXIMUM EXTENT PERMITTED NOT PROHIBITED BY LAW, NEITHER RENESAS
  12:../src/hardware_setup.c **** * ELECTRONICS CORPORATION NOR ANY OF ITS AFFILIATED COMPANIES SHALL BE LIABLE
  13:../src/hardware_setup.c **** * FOR ANY DIRECT, INDIRECT, SPECIAL, INCIDENTAL OR CONSEQUENTIAL DAMAGES FOR
  14:../src/hardware_setup.c **** * ANY REASON RELATED TO THIS SOFTWARE, EVEN IF RENESAS OR ITS AFFILIATES HAVE
  15:../src/hardware_setup.c **** * BEEN ADVISED OF THE POSSIBILITY OF SUCH DAMAGES.
  16:../src/hardware_setup.c **** * Renesas reserves the right, without notice, to make changes to this software
  17:../src/hardware_setup.c **** * and to discontinue the availability of this software.  By using this software,
  18:../src/hardware_setup.c **** * you agree to the additional terms and conditions found by accessing the
  19:../src/hardware_setup.c **** * following link:
  20:../src/hardware_setup.c **** * http://www.renesas.com/disclaimer
  21:../src/hardware_setup.c **** *
  22:../src/hardware_setup.c **** * Copyright (C) 2012 Renesas Electronics Corporation. All rights reserved.
  23:../src/hardware_setup.c **** ***************************************************************************************************
  24:../src/hardware_setup.c **** 
  25:../src/hardware_setup.c **** /**************************************************************************************************
  26:../src/hardware_setup.c **** * File Name    : hardware_setup.c
  27:../src/hardware_setup.c **** * Version      : 1.00
  28:../src/hardware_setup.c **** * Device(s)    : R5F10RLC
  29:../src/hardware_setup.c **** * Tool-Chain   : GNURL78 v12.03
  30:../src/hardware_setup.c **** * Description  : This file implements the hardware initialization.
  31:../src/hardware_setup.c **** * Creation Date: 21/01/2013
  32:../src/hardware_setup.c **** ***************************************************************************************************
  33:../src/hardware_setup.c ****                                                                            
  34:../src/hardware_setup.c **** /**************************************************************************************************
  35:../src/hardware_setup.c **** Includes
  36:../src/hardware_setup.c **** ***************************************************************************************************
  37:../src/hardware_setup.c **** #include "r_systeminit.h"
  38:../src/hardware_setup.c **** 
  39:../src/hardware_setup.c **** 
  40:../src/hardware_setup.c **** #ifdef __cplusplus
  41:../src/hardware_setup.c **** extern "C" {
  42:../src/hardware_setup.c **** #endif
  43:../src/hardware_setup.c **** extern void HardwareSetup(void);
  44:../src/hardware_setup.c **** #ifdef __cplusplus
  45:../src/hardware_setup.c **** }
  46:../src/hardware_setup.c **** #endif
  47:../src/hardware_setup.c **** 
  48:../src/hardware_setup.c **** 
  49:../src/hardware_setup.c **** /**************************************************************************************************
  50:../src/hardware_setup.c **** * Function Name: HardwareSetup
  51:../src/hardware_setup.c **** * Description  : This function calls function R_Systeminit to initialize all peripherals, then enab
  52:../src/hardware_setup.c **** * Arguments    : None
  53:../src/hardware_setup.c **** * Return Value : None
  54:../src/hardware_setup.c **** ***************************************************************************************************
  55:../src/hardware_setup.c **** void HardwareSetup (void)
  56:../src/hardware_setup.c **** {
  32                             		.loc 1 56 0
  57:../src/hardware_setup.c **** 	  /* Disable global interrupts */
  58:../src/hardware_setup.c **** 	  asm("DI");
  33                             		.loc 1 58 0
  34                             	 ; 58 "../src/hardware_setup.c" 1
  35 0000 71 7B FA                		DI
  36                             	 ; 0 "" 2
  59:../src/hardware_setup.c **** 
  60:../src/hardware_setup.c **** 	  /* Configure all peripherals */
  61:../src/hardware_setup.c **** 	  R_Systeminit();
  37                             		.loc 1 61 0
  38 0003 FC 00 00 00             		call	!!%code(_R_Systeminit)
  62:../src/hardware_setup.c **** 
  63:../src/hardware_setup.c ****       /* Enable global interrupts */
  64:../src/hardware_setup.c ****       asm("EI");
  39                             		.loc 1 64 0
  40                             	 ; 64 "../src/hardware_setup.c" 1
  41 0007 71 7A FA                		EI
  42                             	 ; 0 "" 2
  65:../src/hardware_setup.c **** }																	   
  43                             		.loc 1 65 0
  44 000a D7                      		ret
  45                             	.LFE0:
  73                             	.Letext0:
