   1                             	r8	=	0xffef0
   2                             	r16	=	0xffee8
   3                             	r24	=	0xffee0
   4                             	r9	=	0xffef1
   5                             	r17	=	0xffee9
   6                             	r25	=	0xffee1
   7                             	r10	=	0xffef2
   8                             	r18	=	0xffeea
   9                             	r26	=	0xffee2
  10                             	r11	=	0xffef3
  11                             	r19	=	0xffeeb
  12                             	r27	=	0xffee3
  13                             	r12	=	0xffef4
  14                             	r20	=	0xffeec
  15                             	r28	=	0xffee4
  16                             	r13	=	0xffef5
  17                             	r21	=	0xffeed
  18                             	r29	=	0xffee5
  19                             	r14	=	0xffef6
  20                             	r22	=	0xffeee
  21                             	r30	=	0xffee6
  22                             	r15	=	0xffef7
  23                             	r23	=	0xffeef
  24                             	r31	=	0xffee7
  25                             	.text
  26                             	.Ltext0:
  27                             		.global	_g_adc_value
  28                             	.data
  29                             		.balign 2
  32                             	_g_adc_value:
  33 0000 00 00                   		.zero	2
  34                             	.text
  35                             		.global	_INT_AD
  37                             	_INT_AD:
  38                             	.LFB0:
  39                             		.file 1 "../src/r_cg_adc_user.c"
   1:../src/r_cg_adc_user.c **** /**************************************************************************************************
   2:../src/r_cg_adc_user.c **** * DISCLAIMER
   3:../src/r_cg_adc_user.c **** * This software is supplied by Renesas Electronics Corporation and is only 
   4:../src/r_cg_adc_user.c **** * intended for use with Renesas products. No other uses are authorized. This 
   5:../src/r_cg_adc_user.c **** * software is owned by Renesas Electronics Corporation and is protected under 
   6:../src/r_cg_adc_user.c **** * all applicable laws, including copyright laws.
   7:../src/r_cg_adc_user.c **** * THIS SOFTWARE IS PROVIDED "AS IS" AND RENESAS MAKES NO WARRANTIES REGARDING 
   8:../src/r_cg_adc_user.c **** * THIS SOFTWARE, WHETHER EXPRESS, IMPLIED OR STATUTORY, INCLUDING BUT NOT 
   9:../src/r_cg_adc_user.c **** * LIMITED TO WARRANTIES OF MERCHANTABILITY, FITNESS FOR A PARTICULAR PURPOSE 
  10:../src/r_cg_adc_user.c **** * AND NON-INFRINGEMENT.  ALL SUCH WARRANTIES ARE EXPRESSLY DISCLAIMED.
  11:../src/r_cg_adc_user.c **** * TO THE MAXIMUM EXTENT PERMITTED NOT PROHIBITED BY LAW, NEITHER RENESAS 
  12:../src/r_cg_adc_user.c **** * ELECTRONICS CORPORATION NOR ANY OF ITS AFFILIATED COMPANIES SHALL BE LIABLE 
  13:../src/r_cg_adc_user.c **** * FOR ANY DIRECT, INDIRECT, SPECIAL, INCIDENTAL OR CONSEQUENTIAL DAMAGES FOR 
  14:../src/r_cg_adc_user.c **** * ANY REASON RELATED TO THIS SOFTWARE, EVEN IF RENESAS OR ITS AFFILIATES HAVE 
  15:../src/r_cg_adc_user.c **** * BEEN ADVISED OF THE POSSIBILITY OF SUCH DAMAGES.
  16:../src/r_cg_adc_user.c **** * Renesas reserves the right, without notice, to make changes to this software 
  17:../src/r_cg_adc_user.c **** * and to discontinue the availability of this software.  By using this software, 
  18:../src/r_cg_adc_user.c **** * you agree to the additional terms and conditions found by accessing the 
  19:../src/r_cg_adc_user.c **** * following link:
  20:../src/r_cg_adc_user.c **** * http://www.renesas.com/disclaimer
  21:../src/r_cg_adc_user.c **** *
  22:../src/r_cg_adc_user.c **** * Copyright (C) 2012 Renesas Electronics Corporation. All rights reserved.
  23:../src/r_cg_adc_user.c **** ***************************************************************************************************
  24:../src/r_cg_adc_user.c **** 
  25:../src/r_cg_adc_user.c **** /**************************************************************************************************
  26:../src/r_cg_adc_user.c **** * File Name    : r_cg_adc_user.c
  27:../src/r_cg_adc_user.c **** * Version      : Applilet3 for RL78/L12 V1.00.00 [23 Mar 2012]
  28:../src/r_cg_adc_user.c **** * Device(s)    : R5F10RLC
  29:../src/r_cg_adc_user.c **** * Tool-Chain   : GNURL78 v12.03
  30:../src/r_cg_adc_user.c **** * Description  : This file implements device driver for ADC module.
  31:../src/r_cg_adc_user.c **** * Creation Date: 21/01/2013
  32:../src/r_cg_adc_user.c **** ***************************************************************************************************
  33:../src/r_cg_adc_user.c **** 
  34:../src/r_cg_adc_user.c **** /**************************************************************************************************
  35:../src/r_cg_adc_user.c **** Includes
  36:../src/r_cg_adc_user.c **** ***************************************************************************************************
  37:../src/r_cg_adc_user.c **** /* Header files inclusion */
  38:../src/r_cg_adc_user.c **** #include "interrupt_handlers.h"
  39:../src/r_cg_adc_user.c **** #include "r_cg_macrodriver.h"
  40:../src/r_cg_adc_user.c **** #include "r_main.h"
  41:../src/r_cg_adc_user.c **** #include "r_cg_adc.h"
  42:../src/r_cg_adc_user.c **** #include "r_cg_userdefine.h"
  43:../src/r_cg_adc_user.c **** 
  44:../src/r_cg_adc_user.c **** /**************************************************************************************************
  45:../src/r_cg_adc_user.c **** Global variables and functions
  46:../src/r_cg_adc_user.c **** ***************************************************************************************************
  47:../src/r_cg_adc_user.c **** /* Variable for ADC conversion result */
  48:../src/r_cg_adc_user.c **** uint16_t g_adc_value = MD_CLEAR;
  49:../src/r_cg_adc_user.c **** 
  50:../src/r_cg_adc_user.c **** 
  51:../src/r_cg_adc_user.c **** /**************************************************************************************************
  52:../src/r_cg_adc_user.c **** * Function Name: INT_AD
  53:../src/r_cg_adc_user.c **** * Description  : This function is INTAD interrupt service routine.
  54:../src/r_cg_adc_user.c **** * Arguments    : None
  55:../src/r_cg_adc_user.c **** * Return Value : None
  56:../src/r_cg_adc_user.c **** ***************************************************************************************************
  57:../src/r_cg_adc_user.c **** void INT_AD (void)
  58:../src/r_cg_adc_user.c **** {
  40                             		.loc 1 58 0
  41                             		; start of function
  42                             		; push 18: ax bc de hl r8 r10 r12 r14 r22
  43                             		; outgoing: 2 bytes
  44 0000 61 CF                   		sel	rb0
  45 0002 C1                      		push	ax
  46                             	.LCFI0:
  47 0003 C3                      		push	bc
  48                             	.LCFI1:
  49 0004 C5                      		push	de
  50                             	.LCFI2:
  51 0005 C7                      		push	hl
  52                             	.LCFI3:
  53 0006 61 DF                   		sel	rb1
  54 0008 C1                      		push	ax ; r8
  55                             	.LCFI4:
  56 0009 C3                      		push	bc ; r10
  57                             	.LCFI5:
  58 000a C5                      		push	de ; r12
  59                             	.LCFI6:
  60 000b C7                      		push	hl ; r14
  61                             	.LCFI7:
  62 000c 61 EF                   		sel	rb2
  63 000e C7                      		push	hl ; r22
  64                             	.LCFI8:
  65 000f 61 CF                   		sel	rb0
  66 0011 20 02                   		subw	sp, #2
  67                             	.LCFI9:
  59:../src/r_cg_adc_user.c ****     /* Store the conversion result in the buffer */
  60:../src/r_cg_adc_user.c ****     R_ADC_Get_Result(&g_adc_value);
  68                             		.loc 1 60 0
  69 0013 30 00 00                		movw	ax, #_g_adc_value
  70 0016 B8 00                   		movw	[sp], ax
  71 0018 FC 00 00 00             		call	!!%code(_R_ADC_Get_Result)
  61:../src/r_cg_adc_user.c **** 
  62:../src/r_cg_adc_user.c ****     /* Clear the ADC interrupt flag */
  63:../src/r_cg_adc_user.c **** 	ADIF = 0u;
  72                             		.loc 1 63 0
  73 001c C9 F0 E2 FF             		movw	r8, #-30
  74 0020 AD F0                   		movw	ax, r8
  75 0022 BD F4                   		movw	r12, ax
  76 0024 FA F4                   		movw	hl, r12
  77 0026 8B                      		mov	a, [hl]
  78 0027 9D F2                   		mov	r10, a
  79 0029 5A F2 DF                		and	r10, #-33
  80 002c AD F0                   		movw	ax, r8
  81 002e 8D F2                   		mov	a, r10
  82 0030 9B                      		mov	[hl], a
  64:../src/r_cg_adc_user.c **** }
  83                             		.loc 1 64 0
  84 0031 10 02                   		addw	sp, #2
  85 0033 61 EF                   		sel	rb2
  86 0035 C6                      		pop	hl ; r22
  87 0036 61 DF                   		sel	rb1
  88 0038 C6                      		pop	hl ; r14
  89 0039 C4                      		pop	de ; r12
  90 003a C2                      		pop	bc ; r10
  91 003b C0                      		pop	ax ; r8
  92 003c 61 CF                   		sel	rb0
  93 003e C6                      		pop	hl
  94 003f C4                      		pop	de
  95 0040 C2                      		pop	bc
  96 0041 C0                      		pop	ax
  97 0042 61 FC                   		reti
  98                             	.LFE0:
 166                             	.Letext0:
 167                             		.file 2 "../src/iodefine.h"
 168                             		.file 3 "../src/r_cg_macrodriver.h"
