   1                             	r8	=	0xffef0
   2                             	r16	=	0xffee8
   3                             	r24	=	0xffee0
   4                             	r9	=	0xffef1
   5                             	r17	=	0xffee9
   6                             	r25	=	0xffee1
   7                             	r10	=	0xffef2
   8                             	r18	=	0xffeea
   9                             	r26	=	0xffee2
  10                             	r11	=	0xffef3
  11                             	r19	=	0xffeeb
  12                             	r27	=	0xffee3
  13                             	r12	=	0xffef4
  14                             	r20	=	0xffeec
  15                             	r28	=	0xffee4
  16                             	r13	=	0xffef5
  17                             	r21	=	0xffeed
  18                             	r29	=	0xffee5
  19                             	r14	=	0xffef6
  20                             	r22	=	0xffeee
  21                             	r30	=	0xffee6
  22                             	r15	=	0xffef7
  23                             	r23	=	0xffeef
  24                             	r31	=	0xffee7
  25                             	.text
  26                             	.Ltext0:
  27                             		.global	_R_IT_Create_UserInit
  29                             	_R_IT_Create_UserInit:
  30                             	.LFB0:
  31                             		.file 1 "../src/r_cg_it_user.c"
   1:../src/r_cg_it_user.c **** /**************************************************************************************************
   2:../src/r_cg_it_user.c **** * DISCLAIMER
   3:../src/r_cg_it_user.c **** * This software is supplied by Renesas Electronics Corporation and is only 
   4:../src/r_cg_it_user.c **** * intended for use with Renesas products. No other uses are authorized. This 
   5:../src/r_cg_it_user.c **** * software is owned by Renesas Electronics Corporation and is protected under 
   6:../src/r_cg_it_user.c **** * all applicable laws, including copyright laws.
   7:../src/r_cg_it_user.c **** * THIS SOFTWARE IS PROVIDED "AS IS" AND RENESAS MAKES NO WARRANTIES REGARDING 
   8:../src/r_cg_it_user.c **** * THIS SOFTWARE, WHETHER EXPRESS, IMPLIED OR STATUTORY, INCLUDING BUT NOT 
   9:../src/r_cg_it_user.c **** * LIMITED TO WARRANTIES OF MERCHANTABILITY, FITNESS FOR A PARTICULAR PURPOSE 
  10:../src/r_cg_it_user.c **** * AND NON-INFRINGEMENT.  ALL SUCH WARRANTIES ARE EXPRESSLY DISCLAIMED.
  11:../src/r_cg_it_user.c **** * TO THE MAXIMUM EXTENT PERMITTED NOT PROHIBITED BY LAW, NEITHER RENESAS 
  12:../src/r_cg_it_user.c **** * ELECTRONICS CORPORATION NOR ANY OF ITS AFFILIATED COMPANIES SHALL BE LIABLE 
  13:../src/r_cg_it_user.c **** * FOR ANY DIRECT, INDIRECT, SPECIAL, INCIDENTAL OR CONSEQUENTIAL DAMAGES FOR 
  14:../src/r_cg_it_user.c **** * ANY REASON RELATED TO THIS SOFTWARE, EVEN IF RENESAS OR ITS AFFILIATES HAVE 
  15:../src/r_cg_it_user.c **** * BEEN ADVISED OF THE POSSIBILITY OF SUCH DAMAGES.
  16:../src/r_cg_it_user.c **** * Renesas reserves the right, without notice, to make changes to this software 
  17:../src/r_cg_it_user.c **** * and to discontinue the availability of this software.  By using this software, 
  18:../src/r_cg_it_user.c **** * you agree to the additional terms and conditions found by accessing the 
  19:../src/r_cg_it_user.c **** * following link:
  20:../src/r_cg_it_user.c **** * http://www.renesas.com/disclaimer
  21:../src/r_cg_it_user.c **** *
  22:../src/r_cg_it_user.c **** * Copyright (C) 2012 Renesas Electronics Corporation. All rights reserved.
  23:../src/r_cg_it_user.c **** ***************************************************************************************************
  24:../src/r_cg_it_user.c **** 
  25:../src/r_cg_it_user.c **** /**************************************************************************************************
  26:../src/r_cg_it_user.c **** * File Name    : r_cg_it_user.c
  27:../src/r_cg_it_user.c **** * Version      : Applilet3 for RL78/L12 V1.00.00 [23 Mar 2012]
  28:../src/r_cg_it_user.c **** * Device(s)    : R5F10RLC
  29:../src/r_cg_it_user.c **** * Tool-Chain   : GNURL78 v12.03
  30:../src/r_cg_it_user.c **** * Description  : This file implements device driver for IT module.
  31:../src/r_cg_it_user.c **** * Creation Date: 21/01/2013
  32:../src/r_cg_it_user.c **** ***************************************************************************************************
  33:../src/r_cg_it_user.c **** 
  34:../src/r_cg_it_user.c **** /**************************************************************************************************
  35:../src/r_cg_it_user.c **** Includes
  36:../src/r_cg_it_user.c **** ***************************************************************************************************
  37:../src/r_cg_it_user.c **** /* Header files inclusion */
  38:../src/r_cg_it_user.c **** #include "r_cg_macrodriver.h"
  39:../src/r_cg_it_user.c **** #include "r_cg_it.h"
  40:../src/r_cg_it_user.c **** #include "interrupt_handlers.h"
  41:../src/r_cg_it_user.c **** #include "r_cg_userdefine.h"
  42:../src/r_cg_it_user.c **** 
  43:../src/r_cg_it_user.c **** /**************************************************************************************************
  44:../src/r_cg_it_user.c **** * Function Name: R_IT_Create_UserInit
  45:../src/r_cg_it_user.c **** * Description  : This function adds user code after initializing IT module.
  46:../src/r_cg_it_user.c **** * Arguments    : None
  47:../src/r_cg_it_user.c **** * Return Value : None
  48:../src/r_cg_it_user.c **** ***************************************************************************************************
  49:../src/r_cg_it_user.c **** void R_IT_Create_UserInit (void)
  50:../src/r_cg_it_user.c **** {
  32                             		.loc 1 50 0
  51:../src/r_cg_it_user.c **** 	/* supply IT clock */
  52:../src/r_cg_it_user.c **** 	RTCEN = 1U;
  33                             		.loc 1 52 0
  34 0000 C9 F0 F0 00             		movw	r8, #240
  35 0004 AD F0                   		movw	ax, r8
  36 0006 BD F4                   		movw	r12, ax
  37 0008 FA F4                   		movw	hl, r12
  38 000a 8B                      		mov	a, [hl]
  39 000b 9D F2                   		mov	r10, a
  40 000d 6A F2 80                		or	r10, #-128
  41 0010 AD F0                   		movw	ax, r8
  42 0012 8D F2                   		mov	a, r10
  43 0014 9B                      		mov	[hl], a
  53:../src/r_cg_it_user.c **** 
  54:../src/r_cg_it_user.c **** 	/* disable IT operation */
  55:../src/r_cg_it_user.c **** 	ITMC = _0000_IT_OPERATION_DISABLE;
  44                             		.loc 1 55 0
  45 0015 C9 F0 90 FF             		movw	r8, #-112
  46 0019 AD F0                   		movw	ax, r8
  47 001b BD F2                   		movw	r10, ax
  48 001d FA F2                   		movw	hl, r10
  49 001f F6                      		clrw	ax
  50 0020 BB                      		movw	[hl], ax
  56:../src/r_cg_it_user.c **** 
  57:../src/r_cg_it_user.c **** 	/* disable INTIT interrupt */
  58:../src/r_cg_it_user.c **** 	ITMK = 1U;
  51                             		.loc 1 58 0
  52 0021 C9 F0 E6 FF             		movw	r8, #-26
  53 0025 AD F0                   		movw	ax, r8
  54 0027 BD F4                   		movw	r12, ax
  55 0029 FA F4                   		movw	hl, r12
  56 002b 8B                      		mov	a, [hl]
  57 002c 9D F2                   		mov	r10, a
  58 002e 6A F2 80                		or	r10, #-128
  59 0031 AD F0                   		movw	ax, r8
  60 0033 8D F2                   		mov	a, r10
  61 0035 9B                      		mov	[hl], a
  59:../src/r_cg_it_user.c **** 
  60:../src/r_cg_it_user.c **** 	/* clear INTIT interrupt flag */
  61:../src/r_cg_it_user.c **** 	ITIF = 0U;
  62                             		.loc 1 61 0
  63 0036 C9 F0 E2 FF             		movw	r8, #-30
  64 003a AD F0                   		movw	ax, r8
  65 003c BD F4                   		movw	r12, ax
  66 003e FA F4                   		movw	hl, r12
  67 0040 8B                      		mov	a, [hl]
  68 0041 9D F2                   		mov	r10, a
  69 0043 5A F2 7F                		and	r10, #127
  70 0046 AD F0                   		movw	ax, r8
  71 0048 8D F2                   		mov	a, r10
  72 004a 9B                      		mov	[hl], a
  62:../src/r_cg_it_user.c **** 
  63:../src/r_cg_it_user.c **** 	/* Set INTIT low priority */
  64:../src/r_cg_it_user.c **** 	ITPR1 = 1U;
  73                             		.loc 1 64 0
  74 004b C9 F0 EE FF             		movw	r8, #-18
  75 004f AD F0                   		movw	ax, r8
  76 0051 BD F4                   		movw	r12, ax
  77 0053 FA F4                   		movw	hl, r12
  78 0055 8B                      		mov	a, [hl]
  79 0056 9D F2                   		mov	r10, a
  80 0058 6A F2 80                		or	r10, #-128
  81 005b AD F0                   		movw	ax, r8
  82 005d 8D F2                   		mov	a, r10
  83 005f 9B                      		mov	[hl], a
  65:../src/r_cg_it_user.c **** 	ITPR0 = 1U;
  84                             		.loc 1 65 0
  85 0060 C9 F0 EA FF             		movw	r8, #-22
  86 0064 AD F0                   		movw	ax, r8
  87 0066 BD F4                   		movw	r12, ax
  88 0068 FA F4                   		movw	hl, r12
  89 006a 8B                      		mov	a, [hl]
  90 006b 9D F2                   		mov	r10, a
  91 006d 6A F2 80                		or	r10, #-128
  92 0070 AD F0                   		movw	ax, r8
  93 0072 8D F2                   		mov	a, r10
  94 0074 9B                      		mov	[hl], a
  66:../src/r_cg_it_user.c **** 
  67:../src/r_cg_it_user.c **** 	/* Set the compare value */
  68:../src/r_cg_it_user.c **** 	ITMC = _0FFF_ITMCMP_VALUE;
  95                             		.loc 1 68 0
  96 0075 C9 F0 90 FF             		movw	r8, #-112
  97 0079 AD F0                   		movw	ax, r8
  98 007b BD F2                   		movw	r10, ax
  99 007d FA F2                   		movw	hl, r10
 100 007f 30 FF 0F                		movw	ax, #4095
 101 0082 BB                      		movw	[hl], ax
  69:../src/r_cg_it_user.c **** }
 102                             		.loc 1 69 0
 103 0083 D7                      		ret
 104                             	.LFE0:
 106                             		.global	_INT_IT
 108                             	_INT_IT:
 109                             	.LFB1:
  70:../src/r_cg_it_user.c **** /**************************************************************************************************
  71:../src/r_cg_it_user.c **** * End of function R_IT_Create_UserInit
  72:../src/r_cg_it_user.c **** ***************************************************************************************************
  73:../src/r_cg_it_user.c **** 
  74:../src/r_cg_it_user.c **** /**************************************************************************************************
  75:../src/r_cg_it_user.c **** * Function Name: INT_IT
  76:../src/r_cg_it_user.c **** * Description  : This function is INTIT interrupt service routine.
  77:../src/r_cg_it_user.c **** * Arguments    : None
  78:../src/r_cg_it_user.c **** * Return Value : None
  79:../src/r_cg_it_user.c **** ***************************************************************************************************
  80:../src/r_cg_it_user.c **** void INT_IT (void)
  81:../src/r_cg_it_user.c **** {
 110                             		.loc 1 81 0
 111                             		; start of function
 112                             		; push 18: ax bc de hl r8 r10 r12 r14 r22
 113 0084 61 CF                   		sel	rb0
 114 0086 C1                      		push	ax
 115                             	.LCFI0:
 116 0087 C3                      		push	bc
 117                             	.LCFI1:
 118 0088 C5                      		push	de
 119                             	.LCFI2:
 120 0089 C7                      		push	hl
 121                             	.LCFI3:
 122 008a 61 DF                   		sel	rb1
 123 008c C1                      		push	ax ; r8
 124                             	.LCFI4:
 125 008d C3                      		push	bc ; r10
 126                             	.LCFI5:
 127 008e C5                      		push	de ; r12
 128                             	.LCFI6:
 129 008f C7                      		push	hl ; r14
 130                             	.LCFI7:
 131 0090 61 EF                   		sel	rb2
 132 0092 C7                      		push	hl ; r22
 133                             	.LCFI8:
 134 0093 61 CF                   		sel	rb0
  82:../src/r_cg_it_user.c ****         /*  Don't put anything in here  */
  83:../src/r_cg_it_user.c **** 
  84:../src/r_cg_it_user.c ****         /* Kernel routine */
  85:../src/r_cg_it_user.c ****         kernelClock();
 135                             		.loc 1 85 0
 136 0095 FC 00 00 00             		call	!!%code(_kernelClock)
  86:../src/r_cg_it_user.c **** 
  87:../src/r_cg_it_user.c **** 	/* Clear the IT interrupt flag */
  88:../src/r_cg_it_user.c ****         ITIF = 0u;
 137                             		.loc 1 88 0
 138 0099 C9 F0 E2 FF             		movw	r8, #-30
 139 009d AD F0                   		movw	ax, r8
 140 009f BD F4                   		movw	r12, ax
 141 00a1 FA F4                   		movw	hl, r12
 142 00a3 8B                      		mov	a, [hl]
 143 00a4 9D F2                   		mov	r10, a
 144 00a6 5A F2 7F                		and	r10, #127
 145 00a9 AD F0                   		movw	ax, r8
 146 00ab 8D F2                   		mov	a, r10
 147 00ad 9B                      		mov	[hl], a
  89:../src/r_cg_it_user.c **** }
 148                             		.loc 1 89 0
 149 00ae 61 EF                   		sel	rb2
 150 00b0 C6                      		pop	hl ; r22
 151 00b1 61 DF                   		sel	rb1
 152 00b3 C6                      		pop	hl ; r14
 153 00b4 C4                      		pop	de ; r12
 154 00b5 C2                      		pop	bc ; r10
 155 00b6 C0                      		pop	ax ; r8
 156 00b7 61 CF                   		sel	rb0
 157 00b9 C6                      		pop	hl
 158 00ba C4                      		pop	de
 159 00bb C2                      		pop	bc
 160 00bc C0                      		pop	ax
 161 00bd 61 FC                   		reti
 162                             	.LFE1:
 234                             	.Letext0:
 235                             		.file 2 "../src/iodefine.h"
 236                             		.file 3 "../src/iodefine_ext.h"
