   1                             	r8	=	0xffef0
   2                             	r16	=	0xffee8
   3                             	r24	=	0xffee0
   4                             	r9	=	0xffef1
   5                             	r17	=	0xffee9
   6                             	r25	=	0xffee1
   7                             	r10	=	0xffef2
   8                             	r18	=	0xffeea
   9                             	r26	=	0xffee2
  10                             	r11	=	0xffef3
  11                             	r19	=	0xffeeb
  12                             	r27	=	0xffee3
  13                             	r12	=	0xffef4
  14                             	r20	=	0xffeec
  15                             	r28	=	0xffee4
  16                             	r13	=	0xffef5
  17                             	r21	=	0xffeed
  18                             	r29	=	0xffee5
  19                             	r14	=	0xffef6
  20                             	r22	=	0xffeee
  21                             	r30	=	0xffee6
  22                             	r15	=	0xffef7
  23                             	r23	=	0xffeef
  24                             	r31	=	0xffee7
  25                             	.text
  26                             	.Ltext0:
  27                             		.global	_INT_RTC
  29                             	_INT_RTC:
  30                             	.LFB0:
  31                             		.file 1 "../src/r_cg_rtc_user.c"
   1:../src/r_cg_rtc_user.c **** ///************************************************************************************************
   2:../src/r_cg_rtc_user.c **** //* DISCLAIMER
   3:../src/r_cg_rtc_user.c **** //* This software is supplied by Renesas Electronics Corporation and is only 
   4:../src/r_cg_rtc_user.c **** //* intended for use with Renesas products. No other uses are authorized. This 
   5:../src/r_cg_rtc_user.c **** //* software is owned by Renesas Electronics Corporation and is protected under 
   6:../src/r_cg_rtc_user.c **** //* all applicable laws, including copyright laws.
   7:../src/r_cg_rtc_user.c **** //* THIS SOFTWARE IS PROVIDED "AS IS" AND RENESAS MAKES NO WARRANTIES REGARDING 
   8:../src/r_cg_rtc_user.c **** //* THIS SOFTWARE, WHETHER EXPRESS, IMPLIED OR STATUTORY, INCLUDING BUT NOT 
   9:../src/r_cg_rtc_user.c **** //* LIMITED TO WARRANTIES OF MERCHANTABILITY, FITNESS FOR A PARTICULAR PURPOSE 
  10:../src/r_cg_rtc_user.c **** //* AND NON-INFRINGEMENT.  ALL SUCH WARRANTIES ARE EXPRESSLY DISCLAIMED.
  11:../src/r_cg_rtc_user.c **** //* TO THE MAXIMUM EXTENT PERMITTED NOT PROHIBITED BY LAW, NEITHER RENESAS 
  12:../src/r_cg_rtc_user.c **** //* ELECTRONICS CORPORATION NOR ANY OF ITS AFFILIATED COMPANIES SHALL BE LIABLE 
  13:../src/r_cg_rtc_user.c **** //* FOR ANY DIRECT, INDIRECT, SPECIAL, INCIDENTAL OR CONSEQUENTIAL DAMAGES FOR 
  14:../src/r_cg_rtc_user.c **** //* ANY REASON RELATED TO THIS SOFTWARE, EVEN IF RENESAS OR ITS AFFILIATES HAVE 
  15:../src/r_cg_rtc_user.c **** //* BEEN ADVISED OF THE POSSIBILITY OF SUCH DAMAGES.
  16:../src/r_cg_rtc_user.c **** //* Renesas reserves the right, without notice, to make changes to this software 
  17:../src/r_cg_rtc_user.c **** //* and to discontinue the availability of this software.  By using this software, 
  18:../src/r_cg_rtc_user.c **** //* you agree to the additional terms and conditions found by accessing the 
  19:../src/r_cg_rtc_user.c **** //* following link:
  20:../src/r_cg_rtc_user.c **** //* http://www.renesas.com/disclaimer
  21:../src/r_cg_rtc_user.c **** //*
  22:../src/r_cg_rtc_user.c **** //* Copyright (C) 2012 Renesas Electronics Corporation. All rights reserved.
  23:../src/r_cg_rtc_user.c **** //*************************************************************************************************
  24:../src/r_cg_rtc_user.c **** //
  25:../src/r_cg_rtc_user.c **** ///************************************************************************************************
  26:../src/r_cg_rtc_user.c **** //* File Name    : r_cg_rtc_user.c
  27:../src/r_cg_rtc_user.c **** //* Version      : Applilet3 for RL78/L12 V1.00.00 [23 Mar 2012]
  28:../src/r_cg_rtc_user.c **** //* Device(s)    : R5F10RLC
  29:../src/r_cg_rtc_user.c **** //* Tool-Chain   : GNURL78 v12.03
  30:../src/r_cg_rtc_user.c **** //* Description  : This file implements device driver for RTC module.
  31:../src/r_cg_rtc_user.c **** //* Creation Date: 21/01/2013
  32:../src/r_cg_rtc_user.c **** //*************************************************************************************************
  33:../src/r_cg_rtc_user.c **** //
  34:../src/r_cg_rtc_user.c **** //
  35:../src/r_cg_rtc_user.c **** ///************************************************************************************************
  36:../src/r_cg_rtc_user.c **** //Includes
  37:../src/r_cg_rtc_user.c **** //*************************************************************************************************
  38:../src/r_cg_rtc_user.c **** ///* Defines the I/O register structures */
  39:../src/r_cg_rtc_user.c **** //#include "iodefine.h"
  40:../src/r_cg_rtc_user.c **** //
  41:../src/r_cg_rtc_user.c **** ///* Defines the extended I/O register structures */
  42:../src/r_cg_rtc_user.c **** //#include "iodefine_ext.h"
  43:../src/r_cg_rtc_user.c **** //
  44:../src/r_cg_rtc_user.c **** ///* Header files inclusion */
  45:../src/r_cg_rtc_user.c **** //#include "interrupt_handlers.h"
  46:../src/r_cg_rtc_user.c **** //#include "r_cg_macrodriver.h"
  47:../src/r_cg_rtc_user.c **** //#include "r_cg_rtc.h"
  48:../src/r_cg_rtc_user.c **** //#include "r_cg_intc.h"
  49:../src/r_cg_rtc_user.c **** //#include "r_cg_adc.h"
  50:../src/r_cg_rtc_user.c **** //#include "r_cg_cgc.h"
  51:../src/r_cg_rtc_user.c **** //#include "r_cg_userdefine.h"
  52:../src/r_cg_rtc_user.c **** //#include "lcd_panel.h"
  53:../src/r_cg_rtc_user.c **** //
  54:../src/r_cg_rtc_user.c **** ///************************************************************************************************
  55:../src/r_cg_rtc_user.c **** //Global variables and functions
  56:../src/r_cg_rtc_user.c **** //*************************************************************************************************
  57:../src/r_cg_rtc_user.c **** ///* Create a new instance of data structure RTCCounterValue */
  58:../src/r_cg_rtc_user.c **** //rtc_counter_value_t st_rtc_data;
  59:../src/r_cg_rtc_user.c **** //
  60:../src/r_cg_rtc_user.c **** ///* RTC alarm interrupt flag */
  61:../src/r_cg_rtc_user.c **** //uint8_t g_rtc_status_alarm      = FALSE;
  62:../src/r_cg_rtc_user.c **** //
  63:../src/r_cg_rtc_user.c **** ///* RTC constant period interrupt flag */
  64:../src/r_cg_rtc_user.c **** //uint8_t g_rtc_status_int        = FALSE;
  65:../src/r_cg_rtc_user.c **** //
  66:../src/r_cg_rtc_user.c **** ///* Alarm status indicator */
  67:../src/r_cg_rtc_user.c **** //uint8_t g_alarm_status          = FALSE;
  68:../src/r_cg_rtc_user.c **** //
  69:../src/r_cg_rtc_user.c **** ///* Declare a buffer to hold the time for displaying on the LCD panel */
  70:../src/r_cg_rtc_user.c **** //int8_t  g_lcd_buffer[10] = "00:00:00";
  71:../src/r_cg_rtc_user.c **** //
  72:../src/r_cg_rtc_user.c **** //
  73:../src/r_cg_rtc_user.c **** ///************************************************************************************************
  74:../src/r_cg_rtc_user.c **** //* Function Name: INT_RTC
  75:../src/r_cg_rtc_user.c **** //* Description  : This function is INTRTC interrupt service routine.
  76:../src/r_cg_rtc_user.c **** //* Arguments    : None
  77:../src/r_cg_rtc_user.c **** //* Return Value : None
  78:../src/r_cg_rtc_user.c **** //*************************************************************************************************
  79:../src/r_cg_rtc_user.c **** void INT_RTC (void)
  80:../src/r_cg_rtc_user.c **** {
  32                             		.loc 1 80 0
  81:../src/r_cg_rtc_user.c **** //    /* Check the alarm match flag */
  82:../src/r_cg_rtc_user.c **** //    if (1u == WAFG)
  83:../src/r_cg_rtc_user.c **** //    {
  84:../src/r_cg_rtc_user.c **** //        /* clear WAFG */
  85:../src/r_cg_rtc_user.c **** //        RTCC1 &= (uint8_t)~_10_RTC_ALARM_MATCH;
  86:../src/r_cg_rtc_user.c **** //        r_rtc_callback_alarm();
  87:../src/r_cg_rtc_user.c **** //    }
  88:../src/r_cg_rtc_user.c **** //    
  89:../src/r_cg_rtc_user.c **** //    /* Check the constant period flag */
  90:../src/r_cg_rtc_user.c **** //    if (1u == RIFG)
  91:../src/r_cg_rtc_user.c **** //    {
  92:../src/r_cg_rtc_user.c **** //        /* clear RIFG */
  93:../src/r_cg_rtc_user.c **** //        RTCC1 &= (uint8_t)~_08_RTC_INTC_GENERATE_FLAG;
  94:../src/r_cg_rtc_user.c **** //        
  95:../src/r_cg_rtc_user.c **** //        /* Call the constant period call-back function */
  96:../src/r_cg_rtc_user.c **** //        r_rtc_callback_const_period();
  97:../src/r_cg_rtc_user.c **** //    }
  98:../src/r_cg_rtc_user.c **** }
  33                             		.loc 1 98 0
  34 0000 D7                      		ret
  35                             	.LFE0:
  63                             	.Letext0:
