   1                             	r8	=	0xffef0
   2                             	r16	=	0xffee8
   3                             	r24	=	0xffee0
   4                             	r9	=	0xffef1
   5                             	r17	=	0xffee9
   6                             	r25	=	0xffee1
   7                             	r10	=	0xffef2
   8                             	r18	=	0xffeea
   9                             	r26	=	0xffee2
  10                             	r11	=	0xffef3
  11                             	r19	=	0xffeeb
  12                             	r27	=	0xffee3
  13                             	r12	=	0xffef4
  14                             	r20	=	0xffeec
  15                             	r28	=	0xffee4
  16                             	r13	=	0xffef5
  17                             	r21	=	0xffeed
  18                             	r29	=	0xffee5
  19                             	r14	=	0xffef6
  20                             	r22	=	0xffeee
  21                             	r30	=	0xffee6
  22                             	r15	=	0xffef7
  23                             	r23	=	0xffeef
  24                             	r31	=	0xffee7
  25                             	.text
  26                             	.Ltext0:
  27                             		.global	_R_CGC_Create
  29                             	_R_CGC_Create:
  30                             	.LFB0:
  31                             		.file 1 "../src/r_cg_cgc.c"
   1:../src/r_cg_cgc.c **** /**************************************************************************************************
   2:../src/r_cg_cgc.c **** * DISCLAIMER
   3:../src/r_cg_cgc.c **** * This software is supplied by Renesas Electronics Corporation and is only 
   4:../src/r_cg_cgc.c **** * intended for use with Renesas products. No other uses are authorized. This 
   5:../src/r_cg_cgc.c **** * software is owned by Renesas Electronics Corporation and is protected under 
   6:../src/r_cg_cgc.c **** * all applicable laws, including copyright laws.
   7:../src/r_cg_cgc.c **** * THIS SOFTWARE IS PROVIDED "AS IS" AND RENESAS MAKES NO WARRANTIES REGARDING 
   8:../src/r_cg_cgc.c **** * THIS SOFTWARE, WHETHER EXPRESS, IMPLIED OR STATUTORY, INCLUDING BUT NOT 
   9:../src/r_cg_cgc.c **** * LIMITED TO WARRANTIES OF MERCHANTABILITY, FITNESS FOR A PARTICULAR PURPOSE 
  10:../src/r_cg_cgc.c **** * AND NON-INFRINGEMENT.  ALL SUCH WARRANTIES ARE EXPRESSLY DISCLAIMED.
  11:../src/r_cg_cgc.c **** * TO THE MAXIMUM EXTENT PERMITTED NOT PROHIBITED BY LAW, NEITHER RENESAS 
  12:../src/r_cg_cgc.c **** * ELECTRONICS CORPORATION NOR ANY OF ITS AFFILIATED COMPANIES SHALL BE LIABLE 
  13:../src/r_cg_cgc.c **** * FOR ANY DIRECT, INDIRECT, SPECIAL, INCIDENTAL OR CONSEQUENTIAL DAMAGES FOR 
  14:../src/r_cg_cgc.c **** * ANY REASON RELATED TO THIS SOFTWARE, EVEN IF RENESAS OR ITS AFFILIATES HAVE 
  15:../src/r_cg_cgc.c **** * BEEN ADVISED OF THE POSSIBILITY OF SUCH DAMAGES.
  16:../src/r_cg_cgc.c **** * Renesas reserves the right, without notice, to make changes to this software 
  17:../src/r_cg_cgc.c **** * and to discontinue the availability of this software.  By using this software, 
  18:../src/r_cg_cgc.c **** * you agree to the additional terms and conditions found by accessing the 
  19:../src/r_cg_cgc.c **** * following link:
  20:../src/r_cg_cgc.c **** * http://www.renesas.com/disclaimer
  21:../src/r_cg_cgc.c **** *
  22:../src/r_cg_cgc.c **** * Copyright (C) 2012 Renesas Electronics Corporation. All rights reserved.
  23:../src/r_cg_cgc.c **** ***************************************************************************************************
  24:../src/r_cg_cgc.c **** 
  25:../src/r_cg_cgc.c **** /**************************************************************************************************
  26:../src/r_cg_cgc.c **** * File Name    : r_cg_cgc.c
  27:../src/r_cg_cgc.c **** * Version      : Applilet3 for RL78/L12 V1.00.00 [23 Mar 2012]
  28:../src/r_cg_cgc.c **** * Device(s)    : R5F10RLC
  29:../src/r_cg_cgc.c **** * Tool-Chain   : GNURL78 v12.03
  30:../src/r_cg_cgc.c **** * Description  : This file implements device driver for CGC module.
  31:../src/r_cg_cgc.c **** * Creation Date: 21/01/2013
  32:../src/r_cg_cgc.c **** ***************************************************************************************************
  33:../src/r_cg_cgc.c **** 
  34:../src/r_cg_cgc.c **** /**************************************************************************************************
  35:../src/r_cg_cgc.c **** Includes
  36:../src/r_cg_cgc.c **** ***************************************************************************************************
  37:../src/r_cg_cgc.c **** #include "r_cg_macrodriver.h"
  38:../src/r_cg_cgc.c **** #include "r_cg_cgc.h"
  39:../src/r_cg_cgc.c **** #include "r_cg_userdefine.h"
  40:../src/r_cg_cgc.c **** 
  41:../src/r_cg_cgc.c **** /**************************************************************************************************
  42:../src/r_cg_cgc.c **** * Function Name: R_CGC_Create
  43:../src/r_cg_cgc.c **** * Description  : This function initializes the clock generator.
  44:../src/r_cg_cgc.c **** * Arguments    : None
  45:../src/r_cg_cgc.c **** * Return Value : None
  46:../src/r_cg_cgc.c **** ***************************************************************************************************
  47:../src/r_cg_cgc.c **** void R_CGC_Create (void)
  48:../src/r_cg_cgc.c **** {
  32                             		.loc 1 48 0
  33                             		; start of function
  34                             		; locals: 6 bytes
  35 0000 20 06                   		subw	sp, #6
  36                             	.LCFI0:
  49:../src/r_cg_cgc.c ****     /* Temporary delay counter */
  50:../src/r_cg_cgc.c ****     volatile uint16_t w_count;
  51:../src/r_cg_cgc.c ****     
  52:../src/r_cg_cgc.c ****     /* Set fMX (sub-clock configured for ultra-low power consumption oscillation */
  53:../src/r_cg_cgc.c ****     CMC = 0x14;
  37                             		.loc 1 53 0
  38 0002 C9 F0 A0 FF             		movw	r8, #-96
  39 0006 AD F0                   		movw	ax, r8
  40 0008 BD F2                   		movw	r10, ax
  41 000a FA F2                   		movw	hl, r10
  42 000c 51 14                   		mov	a, #20
  43 000e 9B                      		mov	[hl], a
  54:../src/r_cg_cgc.c ****     
  55:../src/r_cg_cgc.c ****     /* Disable the X1 oscillator */
  56:../src/r_cg_cgc.c ****     MSTOP = 1U;
  44                             		.loc 1 56 0
  45 000f C9 F0 A1 FF             		movw	r8, #-95
  46 0013 AD F0                   		movw	ax, r8
  47 0015 BD F4                   		movw	r12, ax
  48 0017 FA F4                   		movw	hl, r12
  49 0019 8B                      		mov	a, [hl]
  50 001a 9D F2                   		mov	r10, a
  51 001c 6A F2 80                		or	r10, #-128
  52 001f AD F0                   		movw	ax, r8
  53 0021 8D F2                   		mov	a, r10
  54 0023 9B                      		mov	[hl], a
  57:../src/r_cg_cgc.c ****     
  58:../src/r_cg_cgc.c ****     /* Set fMAIN */
  59:../src/r_cg_cgc.c ****     MCM0 = 0U;
  55                             		.loc 1 59 0
  56 0024 C9 F0 A4 FF             		movw	r8, #-92
  57 0028 AD F0                   		movw	ax, r8
  58 002a BD F4                   		movw	r12, ax
  59 002c FA F4                   		movw	hl, r12
  60 002e 8B                      		mov	a, [hl]
  61 002f 9D F2                   		mov	r10, a
  62 0031 5A F2 EF                		and	r10, #-17
  63 0034 AD F0                   		movw	ax, r8
  64 0036 8D F2                   		mov	a, r10
  65 0038 9B                      		mov	[hl], a
  60:../src/r_cg_cgc.c ****     
  61:../src/r_cg_cgc.c ****     /* Set fSUB (enable the sub-clock) */
  62:../src/r_cg_cgc.c ****     XTSTOP = 0U;
  66                             		.loc 1 62 0
  67 0039 C9 F0 A1 FF             		movw	r8, #-95
  68 003d AD F0                   		movw	ax, r8
  69 003f BD F4                   		movw	r12, ax
  70 0041 FA F4                   		movw	hl, r12
  71 0043 8B                      		mov	a, [hl]
  72 0044 9D F2                   		mov	r10, a
  73 0046 5A F2 BF                		and	r10, #-65
  74 0049 AD F0                   		movw	ax, r8
  75 004b 8D F2                   		mov	a, r10
  76 004d 9B                      		mov	[hl], a
  63:../src/r_cg_cgc.c ****     
  64:../src/r_cg_cgc.c ****     /* Software wait 5us or more */
  65:../src/r_cg_cgc.c ****     for (w_count = 0U; w_count <= CGC_SUBWAITTIME; w_count++)
  77                             		.loc 1 65 0
  78 004e F6                      		clrw	ax
  79 004f B8 04                   		movw	[sp+4], ax
  80 0051 EC 65 00 00             		br	!!.L2
  81                             	.L3:
  66:../src/r_cg_cgc.c ****     {
  67:../src/r_cg_cgc.c ****         /* Add 1 instruction delay */
  68:../src/r_cg_cgc.c ****         asm("nop");
  82                             		.loc 1 68 0 discriminator 2
  83                             	 ; 68 "../src/r_cg_cgc.c" 1
  84 0055 00                      		nop
  85                             	 ; 0 "" 2
  65:../src/r_cg_cgc.c ****     for (w_count = 0U; w_count <= CGC_SUBWAITTIME; w_count++)
  86                             		.loc 1 65 0 discriminator 2
  87 0056 A8 04                   		movw	ax, [sp+4]
  88 0058 BD F0                   		movw	r8, ax
  89 005a B8 02                   		movw	[sp+2], ax
  90 005c BD F2                   		movw	r10, ax
  91 005e B8 00                   		movw	[sp], ax
  92 0060 A1                      		incw	ax
  93 0061 BD F0                   		movw	r8, ax
  94 0063 B8 04                   		movw	[sp+4], ax
  95                             	.L2:
  65:../src/r_cg_cgc.c ****     for (w_count = 0U; w_count <= CGC_SUBWAITTIME; w_count++)
  96                             		.loc 1 65 0 is_stmt 0 discriminator 1
  97 0065 A8 04                   		movw	ax, [sp+4]
  98 0067 BD F0                   		movw	r8, ax
  99 0069 44 A0 00                		cmpw	ax, #160 
 100 006c 61 E3                   		skh 
 101 006e EC 55 00 00             		br	!!.L3
  69:../src/r_cg_cgc.c ****     }
  70:../src/r_cg_cgc.c ****     
  71:../src/r_cg_cgc.c ****     /* Enable sub-clock supply to all peripherals */
  72:../src/r_cg_cgc.c ****     OSMC = 0x00;
 102                             		.loc 1 72 0 is_stmt 1
 103 0072 C9 F0 F3 00             		movw	r8, #243
 104 0076 AD F0                   		movw	ax, r8
 105 0078 BD F4                   		movw	r12, ax
 106 007a FA F4                   		movw	hl, r12
 107 007c F1                      		clrb	a
 108 007d 9B                      		mov	[hl], a
  73:../src/r_cg_cgc.c ****     
  74:../src/r_cg_cgc.c ****     /* Set fCLK */
  75:../src/r_cg_cgc.c ****     CSS = 0U;
 109                             		.loc 1 75 0
 110 007e C9 F0 A4 FF             		movw	r8, #-92
 111 0082 AD F0                   		movw	ax, r8
 112 0084 BD F4                   		movw	r12, ax
 113 0086 FA F4                   		movw	hl, r12
 114 0088 8B                      		mov	a, [hl]
 115 0089 9D F2                   		mov	r10, a
 116 008b 5A F2 BF                		and	r10, #-65
 117 008e AD F0                   		movw	ax, r8
 118 0090 8D F2                   		mov	a, r10
 119 0092 9B                      		mov	[hl], a
  76:../src/r_cg_cgc.c ****     
  77:../src/r_cg_cgc.c ****     /* Enable fIH (enable high-speed on-chip oscillator) */
  78:../src/r_cg_cgc.c ****     HIOSTOP = 0U;
 120                             		.loc 1 78 0
 121 0093 C9 F0 A1 FF             		movw	r8, #-95
 122 0097 AD F0                   		movw	ax, r8
 123 0099 BD F4                   		movw	r12, ax
 124 009b FA F4                   		movw	hl, r12
 125 009d 8B                      		mov	a, [hl]
 126 009e 9D F2                   		mov	r10, a
 127 00a0 5A F2 FE                		and	r10, #-2
 128 00a3 AD F0                   		movw	ax, r8
 129 00a5 8D F2                   		mov	a, r10
 130 00a7 9B                      		mov	[hl], a
  79:../src/r_cg_cgc.c **** }
 131                             		.loc 1 79 0
 132 00a8 10 06                   		addw	sp, #6
 133 00aa D7                      		ret
 134                             	.LFE0:
 166                             	.Letext0:
 167                             		.file 2 "../src/iodefine.h"
 168                             		.file 3 "../src/r_cg_macrodriver.h"
