   1                             	r8	=	0xffef0
   2                             	r16	=	0xffee8
   3                             	r24	=	0xffee0
   4                             	r9	=	0xffef1
   5                             	r17	=	0xffee9
   6                             	r25	=	0xffee1
   7                             	r10	=	0xffef2
   8                             	r18	=	0xffeea
   9                             	r26	=	0xffee2
  10                             	r11	=	0xffef3
  11                             	r19	=	0xffeeb
  12                             	r27	=	0xffee3
  13                             	r12	=	0xffef4
  14                             	r20	=	0xffeec
  15                             	r28	=	0xffee4
  16                             	r13	=	0xffef5
  17                             	r21	=	0xffeed
  18                             	r29	=	0xffee5
  19                             	r14	=	0xffef6
  20                             	r22	=	0xffeee
  21                             	r30	=	0xffee6
  22                             	r15	=	0xffef7
  23                             	r23	=	0xffeef
  24                             	r31	=	0xffee7
  25                             	.text
  26                             	.Ltext0:
  27                             		.global	_Option_Bytes
  28                             		.section	.option_bytes,"a",@progbits
  31                             	_Option_Bytes:
  32 0000 EF                      		.byte	-17
  33 0001 FF                      		.byte	-1
  34 0002 E0                      		.byte	-32
  35 0003 85                      		.byte	-123
  36                             		.global	_Security_Id
  37                             		.section	.security_id,"a",@progbits
  40                             	_Security_Id:
  41 0000 00 00 00 00 00 00 00 00 		.zero	10
  41      00 00 
  42                             		.global	_HardwareVectors
  43                             		.section	.vec,"aw",@progbits
  44                             		.balign 2
  47                             	_HardwareVectors:
  48 0000 00 00                   		.short	%code(_PowerON_Reset)
  49                             		.global	_Vectors
  50                             		.section	.vects,"aw",@progbits
  51                             		.balign 2
  54                             	_Vectors:
  55 0000 00 00                   		.short	%code(_INT_WDTI)
  56 0002 00 00                   		.short	%code(_INT_LVI)
  57 0004 00 00                   		.short	%code(_INT_P0)
  58 0006 00 00                   		.short	%code(_INT_P1)
  59 0008 00 00                   		.short	%code(_INT_P2)
  60 000a 00 00                   		.short	%code(_INT_P3)
  61 000c 00 00                   		.short	%code(_INT_P4)
  62 000e 00 00                   		.short	%code(_INT_P5)
  63 0010 00 00                   		.short	%code(_INT_DMA0)
  64 0012 00 00                   		.short	%code(_INT_DMA1)
  65 0014 00 00                   		.short	%code(_INT_ST0)
  66 0016 00 00                   		.short	%code(_INT_SR0)
  67 0018 00 00                   		.short	%code(_INT_TM01H)
  68 001a FF FF                   		.short	-1
  69 001c 00 00                   		.short	%code(_INT_TM00)
  70 001e FF FF                   		.short	-1
  71 0020 00 00                   		.short	%code(_INT_TM03H)
  72 0022 00 00                   		.short	%code(_INT_IICA0)
  73 0024 00 00                   		.short	%code(_INT_TM01)
  74 0026 00 00                   		.short	%code(_INT_TM02)
  75 0028 00 00                   		.short	%code(_INT_TM03)
  76 002a 00 00                   		.short	%code(_INT_AD)
  77 002c 00 00                   		.short	%code(_INT_RTC)
  78 002e 00 00                   		.short	%code(_INT_IT)
  79 0030 00 00                   		.short	%code(_INT_KR)
  80 0032 FF FF                   		.short	-1
  81 0034 FF FF                   		.short	-1
  82 0036 FF FF                   		.short	-1
  83 0038 00 00                   		.short	%code(_INT_TM04)
  84 003a 00 00                   		.short	%code(_INT_TM05)
  85 003c 00 00                   		.short	%code(_INT_TM06)
  86 003e 00 00                   		.short	%code(_INT_TM07)
  87 0040 00 00                   		.short	%code(_INT_LCD0)
  88 0042 00 00                   		.short	%code(_INT_P6)
  89 0044 00 00                   		.short	%code(_INT_P7)
  90 0046 00 00                   		.short	%code(_INT_MD)
  91 0048 00 00                   		.short	%code(_INT_FL)
  92 004a FF FF                   		.short	-1
  93 004c FF FF                   		.short	-1
  94 004e FF FF                   		.short	-1
  95 0050 FF FF                   		.short	-1
  96 0052 FF FF                   		.short	-1
  97 0054 FF FF                   		.short	-1
  98 0056 FF FF                   		.short	-1
  99 0058 FF FF                   		.short	-1
 100 005a FF FF                   		.short	-1
 101 005c FF FF                   		.short	-1
 102 005e FF FF                   		.short	-1
 103 0060 FF FF                   		.short	-1
 104 0062 FF FF                   		.short	-1
 105 0064 FF FF                   		.short	-1
 106 0066 FF FF                   		.short	-1
 107 0068 FF FF                   		.short	-1
 108 006a FF FF                   		.short	-1
 109 006c FF FF                   		.short	-1
 110 006e FF FF                   		.short	-1
 111 0070 FF FF                   		.short	-1
 112 0072 FF FF                   		.short	-1
 113 0074 FF FF                   		.short	-1
 114 0076 FF FF                   		.short	-1
 115 0078 FF FF                   		.short	-1
 116 007a 00 00                   		.short	%code(_INT_BRK_I)
 117                             	.text
 118                             	.Letext0:
 119                             		.file 1 "../src/vector_table.c"
